<?xml version="1.0" encoding="UTF-8"?>
<!-- Generated by org.testng.reporters.JUnitReportReporter -->
<testsuite skipped="0" hostname="Sanjay" name="com.boatHeadphonesAssignment.tests.FindBestSellerAndTrendingEarphonesTest" tests="1" failures="0" timestamp="2023-08-06T16:00:33 IST" time="257.884" errors="0">
  <testcase name="findBestSellerAndTrendingBoatEarphones" time="257.884" classname="com.boatHeadphonesAssignment.tests.FindBestSellerAndTrendingEarphonesTest"/>
</testsuite> <!-- com.boatHeadphonesAssignment.tests.FindBestSellerAndTrendingEarphonesTest -->
